<?xml version="1.0" encoding="UTF-8"?>
<testsuite name="com.mobileapp.bouldercorpregistration.ExampleUnitTest" tests="1" skipped="0" failures="0" errors="0" timestamp="2021-11-12T00:55:14" hostname="LAPTOP-LTL1F3B0" time="0.004">
  <properties/>
  <testcase name="addition_isCorrect" classname="com.mobileapp.bouldercorpregistration.ExampleUnitTest" time="0.004"/>
  <system-out><![CDATA[]]></system-out>
  <system-err><![CDATA[]]></system-err>
</testsuite>
